# JRE version: Java(TM) SE Runtime Environment (21.0.5+9) (build 21.0.5+9-LTS-239)
# Java VM: Java HotSpot(TM) 64-Bit Server VM (21.0.5+9-LTS-239, mixed mode, emulated-client, sharing, tiered, compressed oops, compressed class ptrs, g1 gc, windows-amd64)
GC Precious Log:
 CardTable entry size: 512
 Card Set container configuration: InlinePtr #cards 5 size 8 Array Of Cards #cards 12 size 40 Howl #buckets 4 coarsen threshold 1843 Howl Bitmap #cards 512 size 80 coarsen threshold 460 Card regions per heap region 1 cards per card region 2048
 CPUs: 8 total, 8 available
 Memory: 6020M
 Large Page Support: Disabled
 NUMA Support: Disabled
 Compressed Oops: Enabled (32-bit)
 Heap Region Size: 1M
 Heap Min Capacity: 8M
 Heap Initial Capacity: 96M
 Heap Max Capacity: 1506M
 Pre-touch: Disabled
 Parallel Workers: 8
 Concurrent Workers: 2
 Concurrent Refinement Workers: 8
 Periodic GC: Disabled
Heap:
 garbage-first heap   total 55296K, used 33684K [0x00000000a1e00000, 0x0000000100000000)
  region size 1024K, 18 young (18432K), 4 survivors (4096K)
 Metaspace       used 32772K, committed 33344K, reserved 1114112K
  class space    used 4399K, committed 4672K, reserved 1048576K
GC Heap History (12 events):
Event: 1.429 GC heap before
{Heap before GC invocations=0 (full 0):
 garbage-first heap   total 98304K, used 24576K [0x00000000a1e00000, 0x0000000100000000)
  region size 1024K, 23 young (23552K), 0 survivors (0K)
 Metaspace       used 7282K, committed 7616K, reserved 1114112K
  class space    used 876K, committed 1024K, reserved 1048576K
}
Event: 1.446 GC heap after
{Heap after GC invocations=1 (full 0):
 garbage-first heap   total 98304K, used 8576K [0x00000000a1e00000, 0x0000000100000000)
  region size 1024K, 3 young (3072K), 3 survivors (3072K)
 Metaspace       used 7282K, committed 7616K, reserved 1114112K
  class space    used 876K, committed 1024K, reserved 1048576K
}
Event: 2.695 GC heap before
{Heap before GC invocations=1 (full 0):
 garbage-first heap   total 98304K, used 35200K [0x00000000a1e00000, 0x0000000100000000)
  region size 1024K, 30 young (30720K), 3 survivors (3072K)
 Metaspace       used 12108K, committed 12608K, reserved 1114112K
  class space    used 1625K, committed 1856K, reserved 1048576K
}
Event: 2.703 GC heap after
{Heap after GC invocations=2 (full 0):
 garbage-first heap   total 98304K, used 10939K [0x00000000a1e00000, 0x0000000100000000)
  region size 1024K, 3 young (3072K), 3 survivors (3072K)
 Metaspace       used 12108K, committed 12608K, reserved 1114112K
  class space    used 1625K, committed 1856K, reserved 1048576K
}
Event: 3.628 GC heap before
{Heap before GC invocations=2 (full 0):
 garbage-first heap   total 98304K, used 50875K [0x00000000a1e00000, 0x0000000100000000)
  region size 1024K, 44 young (45056K), 3 survivors (3072K)
 Metaspace       used 21039K, committed 21504K, reserved 1114112K
  class space    used 2776K, committed 3008K, reserved 1048576K
}
Event: 3.638 GC heap after
{Heap after GC invocations=3 (full 0):
 garbage-first heap   total 98304K, used 14393K [0x00000000a1e00000, 0x0000000100000000)
  region size 1024K, 6 young (6144K), 6 survivors (6144K)
 Metaspace       used 21039K, committed 21504K, reserved 1114112K
  class space    used 2776K, committed 3008K, reserved 1048576K
}
Event: 4.541 GC heap before
{Heap before GC invocations=4 (full 0):
 garbage-first heap   total 55296K, used 41017K [0x00000000a1e00000, 0x0000000100000000)
  region size 1024K, 32 young (32768K), 6 survivors (6144K)
 Metaspace       used 22633K, committed 23040K, reserved 1114112K
  class space    used 3028K, committed 3200K, reserved 1048576K
}
Event: 4.551 GC heap after
{Heap after GC invocations=5 (full 0):
 garbage-first heap   total 55296K, used 16067K [0x00000000a1e00000, 0x0000000100000000)
  region size 1024K, 3 young (3072K), 3 survivors (3072K)
 Metaspace       used 22633K, committed 23040K, reserved 1114112K
  class space    used 3028K, committed 3200K, reserved 1048576K
}
Event: 5.477 GC heap before
{Heap before GC invocations=5 (full 0):
 garbage-first heap   total 55296K, used 41667K [0x00000000a1e00000, 0x0000000100000000)
  region size 1024K, 28 young (28672K), 3 survivors (3072K)
 Metaspace       used 25801K, committed 26240K, reserved 1114112K
  class space    used 3474K, committed 3648K, reserved 1048576K
}
Event: 5.482 GC heap after
{Heap after GC invocations=6 (full 0):
 garbage-first heap   total 55296K, used 18000K [0x00000000a1e00000, 0x0000000100000000)
  region size 1024K, 4 young (4096K), 4 survivors (4096K)
 Metaspace       used 25801K, committed 26240K, reserved 1114112K
  class space    used 3474K, committed 3648K, reserved 1048576K
}
Event: 6.492 GC heap before
{Heap before GC invocations=6 (full 0):
 garbage-first heap   total 55296K, used 44624K [0x00000000a1e00000, 0x0000000100000000)
  region size 1024K, 30 young (30720K), 4 survivors (4096K)
 Metaspace       used 29799K, committed 30336K, reserved 1114112K
  class space    used 4029K, committed 4288K, reserved 1048576K
}
Event: 6.500 GC heap after
{Heap after GC invocations=7 (full 0):
 garbage-first heap   total 55296K, used 20372K [0x00000000a1e00000, 0x0000000100000000)
  region size 1024K, 4 young (4096K), 4 survivors (4096K)
 Metaspace       used 29799K, committed 30336K, reserved 1114112K
  class space    used 4029K, committed 4288K, reserved 1048576K
}

